Build started 2/16/2011 4:16:05 PM.
     1>Project "C:\Users\s00pcan\Dropbox\Documents\School\Winter 2011\CS322\Projects\Term project\final project\Final project\Final project.vcxproj" on node 2 (build target(s)).
     1>InitializeBuildStatus:
         Creating "Debug\Final project.unsuccessfulbuild" because "AlwaysCreate" was specified.
       ClCompile:
         C:\Program Files (x86)\Microsoft Visual Studio 10.0\VC\bin\CL.exe /c /ZI /nologo /W3 /WX- /Od /Oy- /D _MBCS /Gm /EHsc /RTC1 /MDd /GS /fp:precise /Zc:wchar_t /Zc:forScope /Fo"Debug\\" /Fd"Debug\vc100.pdb" /Gd /TP /analyze- /errorReport:prompt auth.cpp
         auth.cpp
       Link:
         C:\Program Files (x86)\Microsoft Visual Studio 10.0\VC\bin\link.exe /ERRORREPORT:PROMPT /OUT:"C:\Users\s00pcan\Dropbox\Documents\School\Winter 2011\CS322\Projects\Term project\final project\Final project\Debug\Final project.exe" /NOLOGO kernel32.lib user32.lib gdi32.lib winspool.lib comdlg32.lib advapi32.lib shell32.lib ole32.lib oleaut32.lib uuid.lib odbc32.lib odbccp32.lib /MANIFEST /ManifestFile:"Debug\Final project.exe.intermediate.manifest" /MANIFESTUAC:"level='asInvoker' uiAccess='false'" /DEBUG /PDB:"C:\Users\s00pcan\Dropbox\Documents\School\Winter 2011\CS322\Projects\Term project\final project\Final project\Debug\Final project.pdb" /TLBID:1 /DYNAMICBASE /NXCOMPAT /IMPLIB:"C:\Users\s00pcan\Dropbox\Documents\School\Winter 2011\CS322\Projects\Term project\final project\Final project\Debug\Final project.lib" /MACHINE:X86 Debug\auth.obj
         Debug\database.obj
         Debug\Driver.obj
         Debug\md5.obj
         Debug\teacherType.obj
         LINK : C:\Users\s00pcan\Dropbox\Documents\School\Winter 2011\CS322\Projects\Term project\final project\Final project\Debug\Final project.exe not found or not built by the last incremental link; performing full link
         Final project.vcxproj -> C:\Users\s00pcan\Dropbox\Documents\School\Winter 2011\CS322\Projects\Term project\final project\Final project\Debug\Final project.exe
       Manifest:
         C:\Program Files (x86)\Microsoft SDKs\Windows\v7.0A\bin\mt.exe /nologo /verbose /outputresource:"C:\Users\s00pcan\Dropbox\Documents\School\Winter 2011\CS322\Projects\Term project\final project\Final project\Debug\Final project.exe;#1" /manifest "Debug\Final project.exe.intermediate.manifest"
       FinalizeBuildStatus:
         Deleting file "Debug\Final project.unsuccessfulbuild".
         Touching "Debug\Final project.lastbuildstate".
     1>Done Building Project "C:\Users\s00pcan\Dropbox\Documents\School\Winter 2011\CS322\Projects\Term project\final project\Final project\Final project.vcxproj" (build target(s)).

Build succeeded.

Time Elapsed 00:00:03.87
